2020-09-29 19:30:09.461  INFO 15686 --- [main] c.k.p.w.c.AccountControllerTests         : Starting AccountControllerTests on yang-giseog-ui-MacBookPro.local with PID 15686 (started by kiseokyang in /Users/kiseokyang/Desktop/Study/pingmall/#pingmall)
2020-09-29 19:30:09.467  INFO 15686 --- [main] c.k.p.w.c.AccountControllerTests         : No active profile set, falling back to default profiles: default
2020-09-29 19:30:10.155  INFO 15686 --- [main] .s.d.r.c.RepositoryConfigurationDelegate : Bootstrapping Spring Data JPA repositories in DEFERRED mode.
2020-09-29 19:30:10.233  INFO 15686 --- [main] .s.d.r.c.RepositoryConfigurationDelegate : Finished Spring Data repository scanning in 70ms. Found 5 JPA repository interfaces.
2020-09-29 19:30:10.918  INFO 15686 --- [main] o.s.s.concurrent.ThreadPoolTaskExecutor  : Initializing ExecutorService 'applicationTaskExecutor'
2020-09-29 19:30:10.971  INFO 15686 --- [task-1] o.hibernate.jpa.internal.util.LogHelper  : HHH000204: Processing PersistenceUnitInfo [name: default]
2020-09-29 19:30:11.027  INFO 15686 --- [task-1] org.hibernate.Version                    : HHH000412: Hibernate ORM core version 5.4.15.Final
2020-09-29 19:30:11.199  INFO 15686 --- [task-1] o.hibernate.annotations.common.Version   : HCANN000001: Hibernate Commons Annotations {5.1.0.Final}
2020-09-29 19:30:11.338  INFO 15686 --- [task-1] com.zaxxer.hikari.HikariDataSource       : HikariPool-1 - Starting...
2020-09-29 19:30:11.992  INFO 15686 --- [task-1] com.zaxxer.hikari.HikariDataSource       : HikariPool-1 - Start completed.
2020-09-29 19:30:12.024  INFO 15686 --- [task-1] org.hibernate.dialect.Dialect            : HHH000400: Using dialect: org.hibernate.dialect.MySQL8Dialect
2020-09-29 19:30:13.003  INFO 15686 --- [task-1] o.h.e.t.j.p.i.JtaPlatformInitiator       : HHH000490: Using JtaPlatform implementation: [org.hibernate.engine.transaction.jta.platform.internal.NoJtaPlatform]
2020-09-29 19:30:13.009  INFO 15686 --- [task-1] j.LocalContainerEntityManagerFactoryBean : Initialized JPA EntityManagerFactory for persistence unit 'default'
2020-09-29 19:30:13.774  INFO 15686 --- [main] o.s.s.web.DefaultSecurityFilterChain     : Creating filter chain: Mvc [pattern='/docs/index.html'], []
2020-09-29 19:30:13.871  INFO 15686 --- [main] o.s.s.web.DefaultSecurityFilterChain     : Creating filter chain: any request, [org.springframework.security.web.context.request.async.WebAsyncManagerIntegrationFilter@10177794, org.springframework.security.web.context.SecurityContextPersistenceFilter@624b523, org.springframework.security.web.header.HeaderWriterFilter@49cd946c, org.springframework.security.web.authentication.logout.LogoutFilter@5f025000, com.kiseok.pingmall.common.config.jwt.JwtFilter@625a4ff, org.springframework.security.web.savedrequest.RequestCacheAwareFilter@1c30cb85, org.springframework.security.web.servletapi.SecurityContextHolderAwareRequestFilter@52bd9a27, org.springframework.security.web.authentication.AnonymousAuthenticationFilter@e5c2463, org.springframework.security.web.session.SessionManagementFilter@31acfd4e, org.springframework.security.web.access.ExceptionTranslationFilter@29d405e6, org.springframework.security.web.access.intercept.FilterSecurityInterceptor@c2df90e]
2020-09-29 19:30:14.368  INFO 15686 --- [main] o.s.b.a.h2.H2ConsoleAutoConfiguration    : H2 console available at '/h2-console'. Database available at 'jdbc:mysql://127.0.0.1:3306/pingmall?characterEncoding=utf8&serverTimezone=UTC'
2020-09-29 19:30:14.554  INFO 15686 --- [main] o.s.b.t.m.w.SpringBootMockServletContext : Initializing Spring TestDispatcherServlet ''
2020-09-29 19:30:14.554  INFO 15686 --- [main] o.s.t.web.servlet.TestDispatcherServlet  : Initializing Servlet ''
2020-09-29 19:30:14.568  INFO 15686 --- [main] o.s.t.web.servlet.TestDispatcherServlet  : Completed initialization in 14 ms
2020-09-29 19:30:14.579  INFO 15686 --- [main] DeferredRepositoryInitializationListener : Triggering deferred initialization of Spring Data repositories…
2020-09-29 19:30:14.803  INFO 15686 --- [main] DeferredRepositoryInitializationListener : Spring Data repositories initialized!
2020-09-29 19:30:14.812  INFO 15686 --- [main] c.k.p.w.c.AccountControllerTests         : Started AccountControllerTests in 5.832 seconds (JVM running for 6.893)
2020-09-29 19:30:15.082  WARN 15686 --- [main] c.k.p.common.config.jwt.JwtFilter        : JWT Token does not begin with Bearer String
2020-09-29 19:30:15.863  WARN 15686 --- [main] c.k.p.common.config.jwt.JwtFilter        : JWT Token does not begin with Bearer String
2020-09-29 19:30:16.101  WARN 15686 --- [main] c.k.p.common.config.jwt.JwtFilter        : JWT Token does not begin with Bearer String
2020-09-29 19:30:16.250  WARN 15686 --- [main] c.k.p.common.config.jwt.JwtFilter        : JWT Token does not begin with Bearer String
2020-09-29 19:30:16.347  WARN 15686 --- [main] c.k.p.common.config.jwt.JwtFilter        : JWT Token does not begin with Bearer String
2020-09-29 19:30:16.506  WARN 15686 --- [main] c.k.p.common.config.jwt.JwtFilter        : JWT Token does not begin with Bearer String
2020-09-29 19:30:16.632  WARN 15686 --- [main] c.k.p.common.config.jwt.JwtFilter        : JWT Token does not begin with Bearer String
2020-09-29 19:30:16.714  WARN 15686 --- [main] c.k.p.common.config.jwt.JwtFilter        : JWT Token does not begin with Bearer String
2020-09-29 19:30:16.740  WARN 15686 --- [main] c.k.p.common.config.jwt.JwtFilter        : JWT Token does not begin with Bearer String
2020-09-29 19:30:16.818  WARN 15686 --- [main] c.k.p.common.config.jwt.JwtFilter        : JWT Token does not begin with Bearer String
2020-09-29 19:30:17.020  WARN 15686 --- [main] c.k.p.common.config.jwt.JwtFilter        : JWT Token does not begin with Bearer String
2020-09-29 19:30:17.177  WARN 15686 --- [main] c.k.p.common.config.jwt.JwtFilter        : JWT Token does not begin with Bearer String
2020-09-29 19:30:17.203  WARN 15686 --- [main] c.k.p.common.config.jwt.JwtFilter        : JWT Token does not begin with Bearer String
2020-09-29 19:30:17.223  WARN 15686 --- [main] c.k.p.common.config.jwt.JwtFilter        : JWT Token does not begin with Bearer String
2020-09-29 19:30:17.244  WARN 15686 --- [main] c.k.p.common.config.jwt.JwtFilter        : JWT Token does not begin with Bearer String
2020-09-29 19:30:17.263  WARN 15686 --- [main] c.k.p.common.config.jwt.JwtFilter        : JWT Token does not begin with Bearer String
2020-09-29 19:30:17.287  WARN 15686 --- [main] c.k.p.common.config.jwt.JwtFilter        : JWT Token does not begin with Bearer String
2020-09-29 19:30:17.311  WARN 15686 --- [main] c.k.p.common.config.jwt.JwtFilter        : JWT Token does not begin with Bearer String
2020-09-29 19:30:17.338  WARN 15686 --- [main] c.k.p.common.config.jwt.JwtFilter        : JWT Token does not begin with Bearer String
2020-09-29 19:30:17.360  WARN 15686 --- [main] c.k.p.common.config.jwt.JwtFilter        : JWT Token does not begin with Bearer String
2020-09-29 19:30:17.380  WARN 15686 --- [main] c.k.p.common.config.jwt.JwtFilter        : JWT Token does not begin with Bearer String
2020-09-29 19:30:17.460  WARN 15686 --- [main] c.k.p.common.config.jwt.JwtFilter        : JWT Token does not begin with Bearer String
2020-09-29 19:30:17.570  WARN 15686 --- [main] c.k.p.common.config.jwt.JwtFilter        : JWT Token does not begin with Bearer String
2020-09-29 19:30:17.674  WARN 15686 --- [main] c.k.p.common.config.jwt.JwtFilter        : JWT Token does not begin with Bearer String
2020-09-29 19:30:17.808  WARN 15686 --- [main] c.k.p.common.config.jwt.JwtFilter        : JWT Token does not begin with Bearer String
2020-09-29 19:30:17.919  WARN 15686 --- [main] c.k.p.common.config.jwt.JwtFilter        : JWT Token does not begin with Bearer String
2020-09-29 19:30:18.023  WARN 15686 --- [main] c.k.p.common.config.jwt.JwtFilter        : JWT Token does not begin with Bearer String
2020-09-29 19:30:18.127  WARN 15686 --- [main] c.k.p.common.config.jwt.JwtFilter        : JWT Token does not begin with Bearer String
2020-09-29 19:30:18.229  WARN 15686 --- [main] c.k.p.common.config.jwt.JwtFilter        : JWT Token does not begin with Bearer String
2020-09-29 19:30:18.331  WARN 15686 --- [main] c.k.p.common.config.jwt.JwtFilter        : JWT Token does not begin with Bearer String
2020-09-29 19:30:18.431  WARN 15686 --- [main] c.k.p.common.config.jwt.JwtFilter        : JWT Token does not begin with Bearer String
2020-09-29 19:30:18.537  WARN 15686 --- [main] c.k.p.common.config.jwt.JwtFilter        : JWT Token does not begin with Bearer String
2020-09-29 19:30:18.638  WARN 15686 --- [main] c.k.p.common.config.jwt.JwtFilter        : JWT Token does not begin with Bearer String
2020-09-29 19:30:18.738  WARN 15686 --- [main] c.k.p.common.config.jwt.JwtFilter        : JWT Token does not begin with Bearer String
2020-09-29 19:30:18.829  WARN 15686 --- [main] c.k.p.common.config.jwt.JwtFilter        : JWT Token does not begin with Bearer String
2020-09-29 19:30:18.979  WARN 15686 --- [main] c.k.p.common.config.jwt.JwtFilter        : JWT Token does not begin with Bearer String
2020-09-29 19:30:19.055  WARN 15686 --- [main] c.k.p.common.config.jwt.JwtFilter        : JWT Token does not begin with Bearer String
2020-09-29 19:30:19.157  WARN 15686 --- [main] c.k.p.common.config.jwt.JwtFilter        : JWT Token does not begin with Bearer String
2020-09-29 19:30:19.259  WARN 15686 --- [main] c.k.p.common.config.jwt.JwtFilter        : JWT Token does not begin with Bearer String
2020-09-29 19:30:19.360  WARN 15686 --- [main] c.k.p.common.config.jwt.JwtFilter        : JWT Token does not begin with Bearer String
2020-09-29 19:30:19.437  WARN 15686 --- [main] c.k.p.common.config.jwt.JwtFilter        : JWT Token does not begin with Bearer String
2020-09-29 19:30:19.457  WARN 15686 --- [main] c.k.p.common.config.jwt.JwtFilter        : JWT Token does not begin with Bearer String
2020-09-29 19:30:19.651  INFO 15686 --- [SpringContextShutdownHook] j.LocalContainerEntityManagerFactoryBean : Closing JPA EntityManagerFactory for persistence unit 'default'
2020-09-29 19:30:19.652  INFO 15686 --- [SpringContextShutdownHook] o.s.s.concurrent.ThreadPoolTaskExecutor  : Shutting down ExecutorService 'applicationTaskExecutor'
2020-09-29 19:30:19.652  INFO 15686 --- [SpringContextShutdownHook] com.zaxxer.hikari.HikariDataSource       : HikariPool-1 - Shutdown initiated...
2020-09-29 19:30:19.657  INFO 15686 --- [SpringContextShutdownHook] com.zaxxer.hikari.HikariDataSource       : HikariPool-1 - Shutdown completed.
2020-09-29 19:34:47.841  INFO 15938 --- [main] c.k.p.w.c.AccountControllerTests         : Starting AccountControllerTests on yang-giseog-ui-MacBookPro.local with PID 15938 (started by kiseokyang in /Users/kiseokyang/Desktop/Study/pingmall/#pingmall)
2020-09-29 19:34:47.843  INFO 15938 --- [main] c.k.p.w.c.AccountControllerTests         : No active profile set, falling back to default profiles: default
2020-09-29 19:34:48.484  INFO 15938 --- [main] .s.d.r.c.RepositoryConfigurationDelegate : Bootstrapping Spring Data JPA repositories in DEFERRED mode.
2020-09-29 19:34:48.564  INFO 15938 --- [main] .s.d.r.c.RepositoryConfigurationDelegate : Finished Spring Data repository scanning in 71ms. Found 5 JPA repository interfaces.
2020-09-29 19:34:49.231  INFO 15938 --- [main] o.s.s.concurrent.ThreadPoolTaskExecutor  : Initializing ExecutorService 'applicationTaskExecutor'
2020-09-29 19:34:49.284  INFO 15938 --- [task-1] o.hibernate.jpa.internal.util.LogHelper  : HHH000204: Processing PersistenceUnitInfo [name: default]
2020-09-29 19:34:49.337  INFO 15938 --- [task-1] org.hibernate.Version                    : HHH000412: Hibernate ORM core version 5.4.15.Final
2020-09-29 19:34:49.491  INFO 15938 --- [task-1] o.hibernate.annotations.common.Version   : HCANN000001: Hibernate Commons Annotations {5.1.0.Final}
2020-09-29 19:34:49.617  INFO 15938 --- [task-1] com.zaxxer.hikari.HikariDataSource       : HikariPool-1 - Starting...
2020-09-29 19:34:50.047  INFO 15938 --- [task-1] com.zaxxer.hikari.HikariDataSource       : HikariPool-1 - Start completed.
2020-09-29 19:34:50.080  INFO 15938 --- [task-1] org.hibernate.dialect.Dialect            : HHH000400: Using dialect: org.hibernate.dialect.MySQL8Dialect
2020-09-29 19:34:51.036  INFO 15938 --- [task-1] o.h.e.t.j.p.i.JtaPlatformInitiator       : HHH000490: Using JtaPlatform implementation: [org.hibernate.engine.transaction.jta.platform.internal.NoJtaPlatform]
2020-09-29 19:34:51.043  INFO 15938 --- [task-1] j.LocalContainerEntityManagerFactoryBean : Initialized JPA EntityManagerFactory for persistence unit 'default'
2020-09-29 19:34:51.788  INFO 15938 --- [main] o.s.s.web.DefaultSecurityFilterChain     : Creating filter chain: Mvc [pattern='/docs/index.html'], []
2020-09-29 19:34:51.874  INFO 15938 --- [main] o.s.s.web.DefaultSecurityFilterChain     : Creating filter chain: any request, [org.springframework.security.web.context.request.async.WebAsyncManagerIntegrationFilter@23310248, org.springframework.security.web.context.SecurityContextPersistenceFilter@40bf4386, org.springframework.security.web.header.HeaderWriterFilter@d3e3085, org.springframework.security.web.authentication.logout.LogoutFilter@d54d0f5, com.kiseok.pingmall.common.config.jwt.JwtFilter@2d38edfd, org.springframework.security.web.savedrequest.RequestCacheAwareFilter@51c65a43, org.springframework.security.web.servletapi.SecurityContextHolderAwareRequestFilter@4e80a001, org.springframework.security.web.authentication.AnonymousAuthenticationFilter@c2df90e, org.springframework.security.web.session.SessionManagementFilter@4c731956, org.springframework.security.web.access.ExceptionTranslationFilter@2180e789, org.springframework.security.web.access.intercept.FilterSecurityInterceptor@50fdf44f]
2020-09-29 19:34:52.290  INFO 15938 --- [main] o.s.b.a.h2.H2ConsoleAutoConfiguration    : H2 console available at '/h2-console'. Database available at 'jdbc:mysql://127.0.0.1:3306/pingmall?characterEncoding=utf8&serverTimezone=UTC'
2020-09-29 19:34:52.462  INFO 15938 --- [main] o.s.b.t.m.w.SpringBootMockServletContext : Initializing Spring TestDispatcherServlet ''
2020-09-29 19:34:52.462  INFO 15938 --- [main] o.s.t.web.servlet.TestDispatcherServlet  : Initializing Servlet ''
2020-09-29 19:34:52.475  INFO 15938 --- [main] o.s.t.web.servlet.TestDispatcherServlet  : Completed initialization in 13 ms
2020-09-29 19:34:52.487  INFO 15938 --- [main] DeferredRepositoryInitializationListener : Triggering deferred initialization of Spring Data repositories…
2020-09-29 19:34:52.702  INFO 15938 --- [main] DeferredRepositoryInitializationListener : Spring Data repositories initialized!
2020-09-29 19:34:52.714  INFO 15938 --- [main] c.k.p.w.c.AccountControllerTests         : Started AccountControllerTests in 5.284 seconds (JVM running for 6.128)
2020-09-29 19:34:52.957  WARN 15938 --- [main] c.k.p.common.config.jwt.JwtFilter        : JWT Token does not begin with Bearer String
2020-09-29 19:34:53.657  WARN 15938 --- [main] c.k.p.common.config.jwt.JwtFilter        : JWT Token does not begin with Bearer String
2020-09-29 19:34:53.899  WARN 15938 --- [main] c.k.p.common.config.jwt.JwtFilter        : JWT Token does not begin with Bearer String
2020-09-29 19:34:54.047  WARN 15938 --- [main] c.k.p.common.config.jwt.JwtFilter        : JWT Token does not begin with Bearer String
2020-09-29 19:34:54.134  WARN 15938 --- [main] c.k.p.common.config.jwt.JwtFilter        : JWT Token does not begin with Bearer String
2020-09-29 19:34:54.286  WARN 15938 --- [main] c.k.p.common.config.jwt.JwtFilter        : JWT Token does not begin with Bearer String
2020-09-29 19:34:54.409  WARN 15938 --- [main] c.k.p.common.config.jwt.JwtFilter        : JWT Token does not begin with Bearer String
2020-09-29 19:34:54.493  WARN 15938 --- [main] c.k.p.common.config.jwt.JwtFilter        : JWT Token does not begin with Bearer String
2020-09-29 19:34:54.521  WARN 15938 --- [main] c.k.p.common.config.jwt.JwtFilter        : JWT Token does not begin with Bearer String
2020-09-29 19:34:54.599  WARN 15938 --- [main] c.k.p.common.config.jwt.JwtFilter        : JWT Token does not begin with Bearer String
2020-09-29 19:34:54.783  WARN 15938 --- [main] c.k.p.common.config.jwt.JwtFilter        : JWT Token does not begin with Bearer String
2020-09-29 19:34:54.941  WARN 15938 --- [main] c.k.p.common.config.jwt.JwtFilter        : JWT Token does not begin with Bearer String
2020-09-29 19:34:54.974  WARN 15938 --- [main] c.k.p.common.config.jwt.JwtFilter        : JWT Token does not begin with Bearer String
2020-09-29 19:34:54.999  WARN 15938 --- [main] c.k.p.common.config.jwt.JwtFilter        : JWT Token does not begin with Bearer String
2020-09-29 19:34:55.020  WARN 15938 --- [main] c.k.p.common.config.jwt.JwtFilter        : JWT Token does not begin with Bearer String
2020-09-29 19:34:55.041  WARN 15938 --- [main] c.k.p.common.config.jwt.JwtFilter        : JWT Token does not begin with Bearer String
2020-09-29 19:34:55.066  WARN 15938 --- [main] c.k.p.common.config.jwt.JwtFilter        : JWT Token does not begin with Bearer String
2020-09-29 19:34:55.086  WARN 15938 --- [main] c.k.p.common.config.jwt.JwtFilter        : JWT Token does not begin with Bearer String
2020-09-29 19:34:55.105  WARN 15938 --- [main] c.k.p.common.config.jwt.JwtFilter        : JWT Token does not begin with Bearer String
2020-09-29 19:34:55.128  WARN 15938 --- [main] c.k.p.common.config.jwt.JwtFilter        : JWT Token does not begin with Bearer String
2020-09-29 19:34:55.147  WARN 15938 --- [main] c.k.p.common.config.jwt.JwtFilter        : JWT Token does not begin with Bearer String
2020-09-29 19:34:55.226  WARN 15938 --- [main] c.k.p.common.config.jwt.JwtFilter        : JWT Token does not begin with Bearer String
2020-09-29 19:34:55.339  WARN 15938 --- [main] c.k.p.common.config.jwt.JwtFilter        : JWT Token does not begin with Bearer String
2020-09-29 19:34:55.443  WARN 15938 --- [main] c.k.p.common.config.jwt.JwtFilter        : JWT Token does not begin with Bearer String
2020-09-29 19:34:55.568  WARN 15938 --- [main] c.k.p.common.config.jwt.JwtFilter        : JWT Token does not begin with Bearer String
2020-09-29 19:34:55.677  WARN 15938 --- [main] c.k.p.common.config.jwt.JwtFilter        : JWT Token does not begin with Bearer String
2020-09-29 19:34:55.779  WARN 15938 --- [main] c.k.p.common.config.jwt.JwtFilter        : JWT Token does not begin with Bearer String
2020-09-29 19:34:55.876  WARN 15938 --- [main] c.k.p.common.config.jwt.JwtFilter        : JWT Token does not begin with Bearer String
2020-09-29 19:34:55.975  WARN 15938 --- [main] c.k.p.common.config.jwt.JwtFilter        : JWT Token does not begin with Bearer String
2020-09-29 19:34:56.074  WARN 15938 --- [main] c.k.p.common.config.jwt.JwtFilter        : JWT Token does not begin with Bearer String
2020-09-29 19:34:56.172  WARN 15938 --- [main] c.k.p.common.config.jwt.JwtFilter        : JWT Token does not begin with Bearer String
2020-09-29 19:34:56.271  WARN 15938 --- [main] c.k.p.common.config.jwt.JwtFilter        : JWT Token does not begin with Bearer String
2020-09-29 19:34:56.366  WARN 15938 --- [main] c.k.p.common.config.jwt.JwtFilter        : JWT Token does not begin with Bearer String
2020-09-29 19:34:56.460  WARN 15938 --- [main] c.k.p.common.config.jwt.JwtFilter        : JWT Token does not begin with Bearer String
2020-09-29 19:34:56.544  WARN 15938 --- [main] c.k.p.common.config.jwt.JwtFilter        : JWT Token does not begin with Bearer String
2020-09-29 19:34:56.681  WARN 15938 --- [main] c.k.p.common.config.jwt.JwtFilter        : JWT Token does not begin with Bearer String
2020-09-29 19:34:56.757  WARN 15938 --- [main] c.k.p.common.config.jwt.JwtFilter        : JWT Token does not begin with Bearer String
2020-09-29 19:34:56.854  WARN 15938 --- [main] c.k.p.common.config.jwt.JwtFilter        : JWT Token does not begin with Bearer String
2020-09-29 19:34:56.951  WARN 15938 --- [main] c.k.p.common.config.jwt.JwtFilter        : JWT Token does not begin with Bearer String
2020-09-29 19:34:57.048  WARN 15938 --- [main] c.k.p.common.config.jwt.JwtFilter        : JWT Token does not begin with Bearer String
2020-09-29 19:34:57.124  WARN 15938 --- [main] c.k.p.common.config.jwt.JwtFilter        : JWT Token does not begin with Bearer String
2020-09-29 19:34:57.144  WARN 15938 --- [main] c.k.p.common.config.jwt.JwtFilter        : JWT Token does not begin with Bearer String
2020-09-29 19:34:57.334  INFO 15938 --- [SpringContextShutdownHook] j.LocalContainerEntityManagerFactoryBean : Closing JPA EntityManagerFactory for persistence unit 'default'
2020-09-29 19:34:57.334  INFO 15938 --- [SpringContextShutdownHook] .SchemaDropperImpl$DelayedDropActionImpl : HHH000477: Starting delayed evictData of schema as part of SessionFactory shut-down'
2020-09-29 19:34:57.380  INFO 15938 --- [SpringContextShutdownHook] o.s.s.concurrent.ThreadPoolTaskExecutor  : Shutting down ExecutorService 'applicationTaskExecutor'
2020-09-29 19:34:57.381  INFO 15938 --- [SpringContextShutdownHook] com.zaxxer.hikari.HikariDataSource       : HikariPool-1 - Shutdown initiated...
2020-09-29 19:34:57.384  INFO 15938 --- [SpringContextShutdownHook] com.zaxxer.hikari.HikariDataSource       : HikariPool-1 - Shutdown completed.
2020-09-29 19:35:18.412  INFO 15977 --- [main] c.k.p.w.c.AccountControllerTests         : Starting AccountControllerTests on yang-giseog-ui-MacBookPro.local with PID 15977 (started by kiseokyang in /Users/kiseokyang/Desktop/Study/pingmall/#pingmall)
2020-09-29 19:35:18.413  INFO 15977 --- [main] c.k.p.w.c.AccountControllerTests         : No active profile set, falling back to default profiles: default
2020-09-29 19:35:19.063  INFO 15977 --- [main] .s.d.r.c.RepositoryConfigurationDelegate : Bootstrapping Spring Data JPA repositories in DEFERRED mode.
2020-09-29 19:35:19.147  INFO 15977 --- [main] .s.d.r.c.RepositoryConfigurationDelegate : Finished Spring Data repository scanning in 75ms. Found 5 JPA repository interfaces.
2020-09-29 19:35:19.802  INFO 15977 --- [main] o.s.s.concurrent.ThreadPoolTaskExecutor  : Initializing ExecutorService 'applicationTaskExecutor'
2020-09-29 19:35:19.857  INFO 15977 --- [task-1] o.hibernate.jpa.internal.util.LogHelper  : HHH000204: Processing PersistenceUnitInfo [name: default]
2020-09-29 19:35:19.906  INFO 15977 --- [task-1] org.hibernate.Version                    : HHH000412: Hibernate ORM core version 5.4.15.Final
2020-09-29 19:35:20.064  INFO 15977 --- [task-1] o.hibernate.annotations.common.Version   : HCANN000001: Hibernate Commons Annotations {5.1.0.Final}
2020-09-29 19:35:20.192  INFO 15977 --- [task-1] com.zaxxer.hikari.HikariDataSource       : HikariPool-1 - Starting...
2020-09-29 19:35:20.600  INFO 15977 --- [task-1] com.zaxxer.hikari.HikariDataSource       : HikariPool-1 - Start completed.
2020-09-29 19:35:20.633  INFO 15977 --- [task-1] org.hibernate.dialect.Dialect            : HHH000400: Using dialect: org.hibernate.dialect.MySQL8Dialect
2020-09-29 19:35:21.607  INFO 15977 --- [task-1] o.h.e.t.j.p.i.JtaPlatformInitiator       : HHH000490: Using JtaPlatform implementation: [org.hibernate.engine.transaction.jta.platform.internal.NoJtaPlatform]
2020-09-29 19:35:21.613  INFO 15977 --- [task-1] j.LocalContainerEntityManagerFactoryBean : Initialized JPA EntityManagerFactory for persistence unit 'default'
2020-09-29 19:35:22.404  INFO 15977 --- [main] o.s.s.web.DefaultSecurityFilterChain     : Creating filter chain: Mvc [pattern='/docs/index.html'], []
2020-09-29 19:35:22.496  INFO 15977 --- [main] o.s.s.web.DefaultSecurityFilterChain     : Creating filter chain: any request, [org.springframework.security.web.context.request.async.WebAsyncManagerIntegrationFilter@23310248, org.springframework.security.web.context.SecurityContextPersistenceFilter@40bf4386, org.springframework.security.web.header.HeaderWriterFilter@d3e3085, org.springframework.security.web.authentication.logout.LogoutFilter@d54d0f5, com.kiseok.pingmall.common.config.jwt.JwtFilter@2d38edfd, org.springframework.security.web.savedrequest.RequestCacheAwareFilter@51c65a43, org.springframework.security.web.servletapi.SecurityContextHolderAwareRequestFilter@4e80a001, org.springframework.security.web.authentication.AnonymousAuthenticationFilter@c2df90e, org.springframework.security.web.session.SessionManagementFilter@4c731956, org.springframework.security.web.access.ExceptionTranslationFilter@2180e789, org.springframework.security.web.access.intercept.FilterSecurityInterceptor@50fdf44f]
2020-09-29 19:35:22.907  INFO 15977 --- [main] o.s.b.a.h2.H2ConsoleAutoConfiguration    : H2 console available at '/h2-console'. Database available at 'jdbc:mysql://127.0.0.1:3306/pingmall?characterEncoding=utf8&serverTimezone=UTC'
2020-09-29 19:35:23.097  INFO 15977 --- [main] o.s.b.t.m.w.SpringBootMockServletContext : Initializing Spring TestDispatcherServlet ''
2020-09-29 19:35:23.097  INFO 15977 --- [main] o.s.t.web.servlet.TestDispatcherServlet  : Initializing Servlet ''
2020-09-29 19:35:23.113  INFO 15977 --- [main] o.s.t.web.servlet.TestDispatcherServlet  : Completed initialization in 16 ms
2020-09-29 19:35:23.128  INFO 15977 --- [main] DeferredRepositoryInitializationListener : Triggering deferred initialization of Spring Data repositories…
2020-09-29 19:35:23.343  INFO 15977 --- [main] DeferredRepositoryInitializationListener : Spring Data repositories initialized!
2020-09-29 19:35:23.352  INFO 15977 --- [main] c.k.p.w.c.AccountControllerTests         : Started AccountControllerTests in 5.238 seconds (JVM running for 6.099)
2020-09-29 19:35:23.589  WARN 15977 --- [main] c.k.p.common.config.jwt.JwtFilter        : JWT Token does not begin with Bearer String
2020-09-29 19:35:24.348  WARN 15977 --- [main] c.k.p.common.config.jwt.JwtFilter        : JWT Token does not begin with Bearer String
2020-09-29 19:35:24.562  WARN 15977 --- [main] c.k.p.common.config.jwt.JwtFilter        : JWT Token does not begin with Bearer String
2020-09-29 19:35:24.694  WARN 15977 --- [main] c.k.p.common.config.jwt.JwtFilter        : JWT Token does not begin with Bearer String
2020-09-29 19:35:24.790  WARN 15977 --- [main] c.k.p.common.config.jwt.JwtFilter        : JWT Token does not begin with Bearer String
2020-09-29 19:35:24.943  WARN 15977 --- [main] c.k.p.common.config.jwt.JwtFilter        : JWT Token does not begin with Bearer String
2020-09-29 19:35:25.056  WARN 15977 --- [main] c.k.p.common.config.jwt.JwtFilter        : JWT Token does not begin with Bearer String
2020-09-29 19:35:25.135  WARN 15977 --- [main] c.k.p.common.config.jwt.JwtFilter        : JWT Token does not begin with Bearer String
2020-09-29 19:35:25.158  WARN 15977 --- [main] c.k.p.common.config.jwt.JwtFilter        : JWT Token does not begin with Bearer String
2020-09-29 19:35:25.233  WARN 15977 --- [main] c.k.p.common.config.jwt.JwtFilter        : JWT Token does not begin with Bearer String
2020-09-29 19:35:25.412  WARN 15977 --- [main] c.k.p.common.config.jwt.JwtFilter        : JWT Token does not begin with Bearer String
2020-09-29 19:35:25.557  WARN 15977 --- [main] c.k.p.common.config.jwt.JwtFilter        : JWT Token does not begin with Bearer String
2020-09-29 19:35:25.583  WARN 15977 --- [main] c.k.p.common.config.jwt.JwtFilter        : JWT Token does not begin with Bearer String
2020-09-29 19:35:25.603  WARN 15977 --- [main] c.k.p.common.config.jwt.JwtFilter        : JWT Token does not begin with Bearer String
2020-09-29 19:35:25.624  WARN 15977 --- [main] c.k.p.common.config.jwt.JwtFilter        : JWT Token does not begin with Bearer String
2020-09-29 19:35:25.644  WARN 15977 --- [main] c.k.p.common.config.jwt.JwtFilter        : JWT Token does not begin with Bearer String
2020-09-29 19:35:25.673  WARN 15977 --- [main] c.k.p.common.config.jwt.JwtFilter        : JWT Token does not begin with Bearer String
2020-09-29 19:35:25.699  WARN 15977 --- [main] c.k.p.common.config.jwt.JwtFilter        : JWT Token does not begin with Bearer String
2020-09-29 19:35:25.720  WARN 15977 --- [main] c.k.p.common.config.jwt.JwtFilter        : JWT Token does not begin with Bearer String
2020-09-29 19:35:25.739  WARN 15977 --- [main] c.k.p.common.config.jwt.JwtFilter        : JWT Token does not begin with Bearer String
2020-09-29 19:35:25.758  WARN 15977 --- [main] c.k.p.common.config.jwt.JwtFilter        : JWT Token does not begin with Bearer String
2020-09-29 19:35:25.837  WARN 15977 --- [main] c.k.p.common.config.jwt.JwtFilter        : JWT Token does not begin with Bearer String
2020-09-29 19:35:25.951  WARN 15977 --- [main] c.k.p.common.config.jwt.JwtFilter        : JWT Token does not begin with Bearer String
2020-09-29 19:35:26.070  WARN 15977 --- [main] c.k.p.common.config.jwt.JwtFilter        : JWT Token does not begin with Bearer String
2020-09-29 19:35:26.195  WARN 15977 --- [main] c.k.p.common.config.jwt.JwtFilter        : JWT Token does not begin with Bearer String
2020-09-29 19:35:26.301  WARN 15977 --- [main] c.k.p.common.config.jwt.JwtFilter        : JWT Token does not begin with Bearer String
2020-09-29 19:35:26.400  WARN 15977 --- [main] c.k.p.common.config.jwt.JwtFilter        : JWT Token does not begin with Bearer String
2020-09-29 19:35:26.504  WARN 15977 --- [main] c.k.p.common.config.jwt.JwtFilter        : JWT Token does not begin with Bearer String
2020-09-29 19:35:26.604  WARN 15977 --- [main] c.k.p.common.config.jwt.JwtFilter        : JWT Token does not begin with Bearer String
2020-09-29 19:35:26.702  WARN 15977 --- [main] c.k.p.common.config.jwt.JwtFilter        : JWT Token does not begin with Bearer String
2020-09-29 19:35:26.799  WARN 15977 --- [main] c.k.p.common.config.jwt.JwtFilter        : JWT Token does not begin with Bearer String
2020-09-29 19:35:26.894  WARN 15977 --- [main] c.k.p.common.config.jwt.JwtFilter        : JWT Token does not begin with Bearer String
2020-09-29 19:35:26.990  WARN 15977 --- [main] c.k.p.common.config.jwt.JwtFilter        : JWT Token does not begin with Bearer String
2020-09-29 19:35:27.087  WARN 15977 --- [main] c.k.p.common.config.jwt.JwtFilter        : JWT Token does not begin with Bearer String
2020-09-29 19:35:27.174  WARN 15977 --- [main] c.k.p.common.config.jwt.JwtFilter        : JWT Token does not begin with Bearer String
2020-09-29 19:35:27.311  WARN 15977 --- [main] c.k.p.common.config.jwt.JwtFilter        : JWT Token does not begin with Bearer String
2020-09-29 19:35:27.389  WARN 15977 --- [main] c.k.p.common.config.jwt.JwtFilter        : JWT Token does not begin with Bearer String
2020-09-29 19:35:27.492  WARN 15977 --- [main] c.k.p.common.config.jwt.JwtFilter        : JWT Token does not begin with Bearer String
2020-09-29 19:35:27.593  WARN 15977 --- [main] c.k.p.common.config.jwt.JwtFilter        : JWT Token does not begin with Bearer String
2020-09-29 19:35:27.692  WARN 15977 --- [main] c.k.p.common.config.jwt.JwtFilter        : JWT Token does not begin with Bearer String
2020-09-29 19:35:27.771  WARN 15977 --- [main] c.k.p.common.config.jwt.JwtFilter        : JWT Token does not begin with Bearer String
2020-09-29 19:35:27.789  WARN 15977 --- [main] c.k.p.common.config.jwt.JwtFilter        : JWT Token does not begin with Bearer String
2020-09-29 19:35:27.983  INFO 15977 --- [SpringContextShutdownHook] j.LocalContainerEntityManagerFactoryBean : Closing JPA EntityManagerFactory for persistence unit 'default'
2020-09-29 19:35:27.984  INFO 15977 --- [SpringContextShutdownHook] o.s.s.concurrent.ThreadPoolTaskExecutor  : Shutting down ExecutorService 'applicationTaskExecutor'
2020-09-29 19:35:27.984  INFO 15977 --- [SpringContextShutdownHook] com.zaxxer.hikari.HikariDataSource       : HikariPool-1 - Shutdown initiated...
2020-09-29 19:35:27.987  INFO 15977 --- [SpringContextShutdownHook] com.zaxxer.hikari.HikariDataSource       : HikariPool-1 - Shutdown completed.
